   1 0000               # File:		$Id$
   2 0000               # Author:	J. Heliotis, (author's version 1.3)
   3 0000               # Contributors:	K. Reek, 
   4 0000               # 		P. White, 
   5 0000               #		<<<YOUR NAME HERE>>>
   6 0000               # Description:	This program reads a description of a geometric
   7 0000               #		figure from standard input and displays some
   8 0000               #		further information about it. Currently, the
   9 0000               #		program handles two types of figures: blocks
  10 0000               #		(rectangles) and circles.
  11 0000               #
  12 0000               # Purpose:	To demonstrate the implementation of polymorphic
  13 0000               #		subroutine calls
  14 0000               #
  15 0000               # Revisions:	$Log$
  16 0000               #		4/1/04	M. Reek changed to use MIPS linkage conventions
  17 0000               #
  18 0000               # CONSTANTS
  19 0000               #
  20 0000               # syscall codes
  21 0000               PRINT_INT =	1
  22 0000               PRINT_STRING = 	4
  23 0000               READ_INT = 	5
  24 0000               READ_STRING =	8
  25 0000               
  26 0000               # various frame sizes used by different routines
  27 0000               
  28 0000               FRAMESIZE_8 = 	8
  29 0000               FRAMESIZE_24 =	24
  30 0000               FRAMESIZE_40 =	40
  31 0000               FRAMESIZE_48 =	48
  32 0000               
  33 0000               	.data
  34 0000               	.align 2
  35 0000               
  36 0000               	#
  37 0000               	# Memory for allocating up to 100 figures.
  38 0000               	#
  39 0000               next:	
  40 0000 00000004		.word	pool		# ptr into the pool where next free
  41 0004               				# space is located
  42 0004               pool:	
  43 0004 00000000		.space	1200		# room for 100 figures
          00000000
          00000000
          00000000
          00000000
          00000000
  44 04b4               pool_end:			# a marker for the end of the free space
  45 04b4 00000000		.word	0		# used to tell us if we are out of mem
  46 04b8               
  47 04b8               fig_width:
  48 04b8 00000000		.word	0
  49 04bc               fig_height:
  50 04bc 00000000		.word	0
  51 04c0               
  52 04c0               	.align 0
  53 04c0               fig_char:
  54 04c0 30313233		.asciiz	"0123456789"	# I know this isn't a character, but
          34353637
          383900  
  55 04cb               				# SPIMs only has read_string, which 
  56 04cb               				# reads to eol and then null
  57 04cb               				# terminates the string it read in
  58 04cb               
  59 04cb               	#
  60 04cb               	# some constants for the code
  61 04cb               	#
  62 04cb               PI	= 3			# an bad integer approx. to pi, 3.14159...
  63 04cb               
  64 04cb               char_c:	
  65 04cb 43      		.ascii	"C"
  66 04cc               char_b:	
  67 04cc 42      		.ascii	"B"
  68 04cd               
  69 04cd               new_error:
  70 04cd 4F757420		.asciiz	"Out of memory for allocating figures.\n"
          6F66206D
          656D6F72
          7920666F
          7220616C
          6C6F6361
  71 04f4               
  72 04f4               figure_type_error_string:
  73 04f4 496C6C65		.asciiz	"Illegal figure type\n"
          67616C20
          66696775
          72652074
          7970650A
          00      
  74 0509               
  75 0509               circle_string:
  76 0509 43697263		.asciiz	"Circle ("
          6C652028
          00      
  77 0512               
  78 0512               block_string:
  79 0512 426C6F63		.asciiz	"Block ("
          6B202800
  80 051a               
  81 051a               comma_string:
  82 051a 2C00    		.asciiz	","
  83 051c               
  84 051c               area_string:
  85 051c 29202D20		.asciiz	") - area = "
          61726561
          203D2000
  86 0528               
  87 0528               perimeter_string:
  88 0528 3B207065		.asciiz	"; perimeter = "
          72696D65
          74657220
          3D2000  
  89 0537               
  90 0537               new_line:
  91 0537 0A00    		.asciiz	"\n"
  92 0539               
  93 0539               #
  94 0539               # Name:		MAIN PROGRAM
  95 0539               #
  96 0539               # Description:	Main logic for the program.
  97 0539               #
  98 0539               #		The program reads three values from standard input:
  99 0539               #		1) a character representing the type of figure to create
 100 0539               #		2) an integer representing the width of the bounding box
 101 0539               #			of the figure
 102 0539               #		3) an integer representing the height of the bounding box
 103 0539               #			of the figure
 104 0539               #
 105 0539               #		After creating the specified figure object, the program then
 106 0539               #		displays all available information on the object created.
 107 0539               #
 108 0539               
 109 0000               	.text			# this is program code
 110 0000               	.align 2		# instructions must be on word boundaries
 111 0000               	.globl main		# main is a global label
 112 0000               
 113 0000               main:
 114 0000               	# allocate stack frame according to formula & save state
 115 0000               
 116 0000 23BDFFE8		addi 	$sp, $sp,-FRAMESIZE_24   	
 117 0004 AFBF0014		sw 	$ra, -4+FRAMESIZE_24($sp)	
 118 0008 AFB10010		sw 	$s1, -8+FRAMESIZE_24($sp)
 119 000c AFB0000C		sw 	$s0, -12+FRAMESIZE_24($sp)
 120 0010               
 121 0010               	#
 122 0010               	# Read the character representing the figure type
 123 0010               	#
 124 0010               
 125 0010 34020008		li 	$v0, READ_STRING	# read a string	
 126 0014 3C040000		la 	$a0, fig_char	# place to store the char read in
     0018 34840000
 127 001c 20050009		addi	$a1, $zero, 9	# the number of characters to read
 128 0020 0000000C		syscall
 129 0024               
 130 0024               	#
 131 0024               	# Read the width into r1
 132 0024               	#
 133 0024 34020005		li	$v0, READ_INT
 134 0028 0000000C		syscall
 135 002c 00408021		move	$s0, $v0
 136 0030               
 137 0030               	#
 138 0030               	# Read the height into r2
 139 0030               	#
 140 0030 34020005		li	$v0, READ_INT
 141 0034 0000000C		syscall
 142 0038 00408821		move	$s1, $v0
 143 003c               
 144 003c               	#
 145 003c               	# Do the output
 146 003c               	#
 147 003c 02002021		move	$a0, $s0
 148 0040 02202821		move	$a1, $s1
 149 0044 0C000072		jal	output_figures
 150 0048               
 151 0048               #
 152 0048               # All done -- exit the program!
 153 0048               #
 154 0048 8FBF0014		lw 	$ra, -4+FRAMESIZE_24($sp)	
 155 004c 8FB10010		lw 	$s1, -8+FRAMESIZE_24($sp)
 156 0050 8FB0000C		lw 	$s0, -12+FRAMESIZE_24($sp)
 157 0054               
 158 0054 23BD0018		addi 	$sp, $sp, FRAMESIZE_24   	
 159 0058 03E00008		jr 	$ra		# return from main and exit spim
 160 005c               	
 161 005c               
 162 005c               # ***********************************************************************
 163 005c               # *                                                                     *
 164 005c               # * THIS IS THE START OF EXPERIMENT-SPECIFIC CODE                       *
 165 005c               # *                                                                     *
 166 005c               # ***********************************************************************
 167 005c               
 168 005c               # Name:		Constants to keep in mind while working with figures
 169 005c               #
 170 005c               
 171 005c               # A Figure contains three words 
 172 005c               #		address of virtual function table at offset 0 in fig object
 173 005c               #		figure width 	at offset 4 in fig object
 174 005c               #		figure height 	at offset 8 in fig object
 175 005c               # Making the figures size as 12 bytes
 176 005c               
 177 005c               # A Figure virtual function table contains two function addresses (words):
 178 005c               #		addr area function 	at offset 0 in vtable
 179 005c               #		addr perimeter function	at offset 4 in vtable
 180 005c               #
 181 005c               
 182 005c               #
 183 005c               # Name:		new_figure
 184 005c               #
 185 005c               # Description:	Allocate space for a new figure from the pool of
 186 005c               #		available space. Luckily, both subclasses of FIGURE
 187 005c               #		take up the same amount of space.
 188 005c               #
 189 005c               # Arguments:	None.
 190 005c               # Returns:	v0: the address of the newly allocated figure.
 191 005c               #
 192 005c               
 193 005c               new_figure:
 194 005c               	#
 195 005c               	# See if there is any space left in the pool.
 196 005c               	#
 197 005c               
 198 005c 3C010000		lw	$t0, next
     0060 8C280000
 199 0064 3C090000		la	$t1, pool_end
     0068 35290000
 200 006c               
 201 006c 0109502A		slt	$t2, $t0, $t1	# Compare next addr to end of pool
 202 0070 15400006		bne	$t2, $zero, new_figure_ok	#  if less, still have space
 203 0074               
 204 0074               	#
 205 0074               	# No space left; write error message and exit.
 206 0074               	#
 207 0074               
 208 0074 34020004		li 	$v0, PRINT_STRING	# print error message
 209 0078 3C040000		la 	$a0, new_error
     007c 34840000
 210 0080 0000000C		syscall	
 211 0084               
 212 0084 3402000A		li 	$v0, 10		# terminate program
 213 0088 0000000C		syscall	
 214 008c               
 215 008c               new_figure_ok:
 216 008c               	#
 217 008c               	# There is space available.  Allocate the next figure, and
 218 008c               	# initialize all of its fields.
 219 008c               	#
 220 008c               
 221 008c 01001021		move	$v0, $t0	# set up to return spot for new figure
 222 0090 2108000C		addi	$t0, $t0, 12	# Adjust pointer to next figure
 223 0094 3C010000		sw	$t0, next
     0098 AC280000
 224 009c               
 225 009c               	#
 226 009c               	# Clear all fields.
 227 009c               	#
 228 009c               
 229 009c AC400000		sw	$zero, 0($v0)
 230 00a0 AC400004		sw	$zero, 4($v0)
 231 00a4 AC400008		sw	$zero, 8($v0)
 232 00a8               
 233 00a8 03E00008		jr	$ra
 234 00ac               
 235 00ac               
 236 00ac               #
 237 00ac               # Name:		figure_make
 238 00ac               #
 239 00ac               # Description:	Initialize the components of the figure object.
 240 00ac               #		Since FIGURE is an abstract class, it is expected that
 241 00ac               #		the creation subroutines for child classes will call this
 242 00ac               #		subroutine.
 243 00ac               #
 244 00ac               # Arguments:	a0 contains the height of the figure's bounding box
 245 00ac               #		a1 contains the width of the figure's bounding box
 246 00ac               #		a2 contains the address of the figure object
 247 00ac               #
 248 00ac               figure_make:
 249 00ac               
 250 00ac ACC50004		sw 	$a1, 4($a2)	# store the width in the fig object
 251 00b0 ACC40008		sw 	$a0, 8($a2)	# store the height in the fig object
 252 00b4               
 253 00b4 03E00008		jr	$ra
 254 00b8               
 255 00b8               # CODE FOR FIGURE SUBCLASS BLOCK
 256 00b8               
 257 00b8               #***** BEGIN STUDENT CODE BLOCK 1 ********************************
 258 00b8               #
 259 00b8               # Using the circle code below as your guide, write everything
 260 00b8               # necessary to implement the FIGURE child class called BLOCK.
 261 00b8               # This involves defining BLOCK's virtual function table, its
 262 00b8               # creation routine, block_make, and its two virtual (polymorphic)
 263 00b8               # functions, block_area and block_perimeter.
 264 00b8               #
 265 0539               	.data
 266 0539 000000  		.align	2
 267 053c               
 268 053c               block_vtbl:
 269 053c 00000000		.word	block_area
 270 0540 00000000		.word	block_perimeter
 271 0544               
 272 00b8               	.text
 273 00b8               
 274 00b8               block_make:
 275 00b8 23BDFFF8		addi 	$sp, $sp,-FRAMESIZE_8
 276 00bc AFBF0004		sw 	$ra, -4+FRAMESIZE_8($sp)
 277 00c0               
 278 00c0 3C090000		la	$t1, block_vtbl
     00c4 35290000
 279 00c8 ACC90000		sw	$t1, 0($a2)
 280 00cc               
 281 00cc 0C00002B		jal	figure_make
 282 00d0               
 283 00d0 8FBF0004		lw 	$ra, -4+FRAMESIZE_8($sp)  # get ra off stack, and restore
 284 00d4 23BD0008		addi 	$sp, $sp, FRAMESIZE_8
 285 00d8 03E00008		jr	$ra
 286 00dc               
 287 00dc               block_area:
 288 00dc 23BDFFF8		addi 	$sp, $sp,-FRAMESIZE_8
 289 00e0 AFBF0004		sw 	$ra, -4+FRAMESIZE_8($sp)
 290 00e4               
 291 00e4 8C890004		lw	$t1, 4($a0)
 292 00e8 8C8A0008		lw	$t2, 8($a0)
 293 00ec 012A0018		mul	$v0, $t1, $t2	# v0 = width*height
     00f0 00001012
 294 00f4               
 295 00f4 8FBF0004		lw 	$ra, -4+FRAMESIZE_8($sp)	# restore ra from stack
 296 00f8 23BD0008		addi 	$sp, $sp, FRAMESIZE_8
 297 00fc 03E00008		jr	$ra
 298 0100               
 299 0100               block_perimeter:
 300 0100 23BDFFF8		addi 	$sp, $sp,-FRAMESIZE_8
 301 0104 AFBF0004		sw 	$ra, -4+FRAMESIZE_8($sp)
 302 0108               	
 303 0108 8C890004		lw	$t1, 4($a0)
 304 010c 8C8A0008		lw	$t2, 8($a0)
 305 0110 01295820		add	$t3, $t1, $t1
 306 0114 014A6020		add	$t4, $t2, $t2
 307 0118 016C1020		add	$v0, $t3, $t4
 308 011c               
 309 011c 8FBF0004		lw 	$ra, -4+FRAMESIZE_8($sp)	# restore ra from stack
 310 0120 23BD0008		addi 	$sp, $sp, FRAMESIZE_8
 311 0124 03E00008		jr	$ra
 312 0128               #***** END STUDENT CODE BLOCK 1 **********************************
 313 0128               
 314 0128               # CODE FOR FIGURE SUBCLASS CIRCLE
 315 0128               
 316 0128               #************************************
 317 0544               	.data
 318 0544               	.align	2
 319 0544               
 320 0544               circle_vtbl:
 321 0544 00000000		.word	circle_area
 322 0548 00000000		.word	circle_perimeter
 323 054c               
 324 0128               	.text
 325 0128               #************************************
 326 0128               #
 327 0128               # Name:		circle_make
 328 0128               #
 329 0128               # Description:	Initialize the components of the circle object
 330 0128               #		All this subroutine does is set the virtual function
 331 0128               #		table, then call figure_make.
 332 0128               #
 333 0128               # Arguments:	a0 contains the height of the figure's bounding box
 334 0128               #		a1 contains the width of the figure's bounding box
 335 0128               #		a2 contains the address of the figure object
 336 0128               #
 337 0128               
 338 0128               circle_make:
 339 0128 23BDFFF8		addi 	$sp, $sp,-FRAMESIZE_8
 340 012c AFBF0004		sw 	$ra, -4+FRAMESIZE_8($sp)
 341 0130               
 342 0130 3C090000		la	$t1, circle_vtbl	# get circle's vtable pointer
     0134 35290000
 343 0138 ACC90000		sw	$t1, 0($a2)	# put circle's vtable pointer into this fig
 344 013c               				# object
 345 013c 0C00002B		jal	figure_make
 346 0140               
 347 0140 8FBF0004		lw 	$ra, -4+FRAMESIZE_8($sp)  # get ra off stack, and restore
 348 0144 23BD0008		addi 	$sp, $sp, FRAMESIZE_8
 349 0148 03E00008		jr	$ra
 350 014c               
 351 014c               #
 352 014c               # Name:		circle_area
 353 014c               #
 354 014c               # Description:	Compute the area of the circle figure
 355 014c               #
 356 014c               # Arguments:	a0 contains the address of the figure object
 357 014c               #
 358 014c               # Returns:	v0 contains the area
 359 014c               #
 360 014c               circle_area:
 361 014c 23BDFFF8		addi 	$sp, $sp,-FRAMESIZE_8
 362 0150 AFBF0004		sw 	$ra, -4+FRAMESIZE_8($sp)
 363 0154               
 364 0154 34190003		li	$t9, PI		# get our int approx. for PI = 3
 365 0158               
 366 0158 0C00006A		jal	circle_diameter	# get my diameter in v0
 367 015c               	
 368 015c 34010002		div	$t0, $v0, 2	# t0 = radius
     0160 0041001A
     0164 00004012
 369 0168 01080018		mul	$t1, $t0, $t0	# t1 = radius squared
     016c 00004812
 370 0170 01390018		mul	$v0, $t1, $t9	# v0 = PI * radius squared
     0174 00001012
 371 0178               
 372 0178 8FBF0004		lw 	$ra, -4+FRAMESIZE_8($sp)	# restore ra from stack
 373 017c 23BD0008		addi 	$sp, $sp, FRAMESIZE_8
 374 0180 03E00008		jr	$ra
 375 0184               
 376 0184               #
 377 0184               # Name:		circle_perimeter
 378 0184               #
 379 0184               # Description:	Compute the perimeter of the circle figure
 380 0184               #
 381 0184               # Arguments:	a0 contains the address of the figure object
 382 0184               #
 383 0184               # Returns:	v0 contains the perimeter
 384 0184               #
 385 0184               circle_perimeter:
 386 0184 23BDFFF8		addi 	$sp, $sp,-FRAMESIZE_8
 387 0188 AFBF0004		sw 	$ra, -4+FRAMESIZE_8($sp)
 388 018c               
 389 018c 34190003		li	$t9, PI		# get our int approx. for PI = 3
 390 0190               
 391 0190 0C00006A		jal	circle_diameter	# get my diameter in v0
 392 0194               	
 393 0194 00590018		mul	$v0, $v0, $t9	# v0 = PI * diameter
     0198 00001012
 394 019c               
 395 019c 8FBF0004		lw 	$ra, -4+FRAMESIZE_8($sp)	# restore ra from stack
 396 01a0 23BD0008		addi 	$sp, $sp, FRAMESIZE_8
 397 01a4 03E00008		jr	$ra
 398 01a8               
 399 01a8               #
 400 01a8               # Name:		circle_diameter
 401 01a8               #
 402 01a8               # Description:	Compute the diameter of the circle figure
 403 01a8               #
 404 01a8               # Arguments:	a0 contains the address of the figure object
 405 01a8               #
 406 01a8               # Returns:	v0 contains the diameter
 407 01a8               #
 408 01a8               circle_diameter:
 409 01a8 8C880004		lw	$t0, 4($a0)	# get fig's width
 410 01ac 8C890008		lw	$t1, 8($a0)	# get fig's height
 411 01b0               
 412 01b0 0109502A		slt	$t2, $t0, $t1	# see if width < height
 413 01b4 11400002		beq	$t2, $zero, cd_height_bigger
 414 01b8               
 415 01b8 01001021		move	$v0, $t0	# width is smaller
 416 01bc 03E00008		jr	$ra
 417 01c0               
 418 01c0               cd_height_bigger:
 419 01c0 01201021		move	$v0, $t1	# height is smaller
 420 01c4 03E00008		jr	$ra
 421 01c8               
 422 01c8               #
 423 01c8               # Name:		output_figures
 424 01c8               #
 425 01c8               # Description:	Given the paramters for a figure, make one and print out
 426 01c8               #		its attributes.
 427 01c8               #
 428 01c8               # Arguments:	fig_char: Character representing figure type
 429 01c8               #		a0: width
 430 01c8               #		a1: height
 431 01c8               #
 432 01c8               #
 433 01c8               output_figures:
 434 01c8 23BDFFD0		addi	$sp, $sp,-FRAMESIZE_48
 435 01cc AFBF002C		sw	$ra, -4+FRAMESIZE_48($sp)
 436 01d0 AFB70028		sw	$s7, -8+FRAMESIZE_48($sp)
 437 01d4 AFB60024		sw	$s6, -12+FRAMESIZE_48($sp)
 438 01d8 AFB50020		sw	$s5, -16+FRAMESIZE_48($sp)
 439 01dc AFB4001C		sw	$s4, -20+FRAMESIZE_48($sp)
 440 01e0 AFB30018		sw	$s3, -24+FRAMESIZE_48($sp)
 441 01e4 AFB20014		sw	$s2, -28+FRAMESIZE_48($sp)
 442 01e8 AFB10010		sw	$s1, -32+FRAMESIZE_48($sp)
 443 01ec AFB0000C		sw	$s0, -36+FRAMESIZE_48($sp)
 444 01f0               
 445 01f0 00809821		move	$s3, $a0	# s3 will be the width
 446 01f4 00A0A021		move	$s4, $a1	# s4 will be the height
 447 01f8               
 448 01f8 0C000017		jal	new_figure	# create a new figure
 449 01fc 00408821		move	$s1, $v0	# save the pointer to the fig object
 450 0200               
 451 0200               	#
 452 0200               	# Now, see which one we should make
 453 0200               	#
 454 0200               
 455 0200 3C010000		lbu	$s6, char_c	# get our characters for comparison
     0204 90360000
 456 0208 3C010000		lbu	$s7, char_b
     020c 90370000
 457 0210               
 458 0210 3C010000		lbu	$s5, fig_char	# get the type of fig to create
     0214 90350000
 459 0218               
 460 0218 16B6000B		bne	$s5, $s6, not_circle  # see if creating a circle
 461 021c               	#
 462 021c               	# Set up the arguments to the circle_make call
 463 021c               	# 	a0 contains the height of the figure's bounding box
 464 021c               	# 	a1 contains the width of the figure's bounding box
 465 021c               	#	a2 contains the address of the figure object
 466 021c               	#
 467 021c 02802021		move	$a0, $s4		# s4 was the height
 468 0220 02602821		move	$a1, $s3		# s3 was the width
 469 0224 02203021		move	$a2, $s1		# s1 was the location of new fig object
 470 0228 0C00004A		jal	circle_make
 471 022c               
 472 022c               
 473 022c               	#
 474 022c               	# Print "Circle ("
 475 022c               	#
 476 022c               
 477 022c 34020004		li 	$v0, PRINT_STRING	# print a "Circle ("
 478 0230 3C040000		la 	$a0, circle_string
     0234 34840000
 479 0238 0000000C		syscall	
 480 023c               
 481 023c 02202021		move	$a0, $s1		# send the pointer to the fig object
 482 0240               				# as the arg. to print_rest
 483 0240 0C0000AD		jal	print_rest	# print rest of info of the fig
 484 0244 080000A2		j 	done_output
 485 0248               
 486 0248               
 487 0248               not_circle:
 488 0248 16B7000B		bne	$s5, $s7, not_anything  # see if creating a block
 489 024c               	#
 490 024c               	# Set up the arguments to the block_make call
 491 024c               	# 	a0 contains the height of the figure's bounding box
 492 024c               	# 	a1 contains the width of the figure's bounding box
 493 024c               	#	a2 contains the address of the figure object
 494 024c               	#
 495 024c 02802021		move	$a0, $s4		# s4 was the height
 496 0250 02602821		move	$a1, $s3		# s3 was the width
 497 0254 02203021		move	$a2, $s1		# s1 was the location of new fig object
 498 0258 0C00002E		jal	block_make
 499 025c               
 500 025c               
 501 025c               	#
 502 025c               	# Print "Block ("
 503 025c               	#
 504 025c               
 505 025c 34020004		li 	$v0, PRINT_STRING	# print a "Block ("
 506 0260 3C040000		la 	$a0, block_string
     0264 34840000
 507 0268 0000000C		syscall	
 508 026c               
 509 026c 02202021		move	$a0, $s1		# send the pointer to the fig object
 510 0270               				# as the arg. to print_rest
 511 0270 0C0000AD		jal	print_rest	# print rest of info of the fig
 512 0274 080000A2		j 	done_output
 513 0278               
 514 0278               not_anything:
 515 0278               	#
 516 0278               	# Print error message
 517 0278               	#
 518 0278               
 519 0278 34020004		li 	$v0, PRINT_STRING
 520 027c 3C040000		la 	$a0, figure_type_error_string
     0280 34840000
 521 0284 0000000C		syscall	
 522 0288               
 523 0288               	#
 524 0288               	# exit
 525 0288               	#
 526 0288               
 527 0288               done_output:
 528 0288 8FBF002C		lw	$ra, -4+FRAMESIZE_48($sp)
 529 028c 8FB70028		lw	$s7, -8+FRAMESIZE_48($sp)
 530 0290 8FB60024		lw	$s6, -12+FRAMESIZE_48($sp)
 531 0294 8FB50020		lw	$s5, -16+FRAMESIZE_48($sp)
 532 0298 8FB4001C		lw	$s4, -20+FRAMESIZE_48($sp)
 533 029c 8FB30018		lw	$s3, -24+FRAMESIZE_48($sp)
 534 02a0 8FB20014		lw	$s2, -28+FRAMESIZE_48($sp)
 535 02a4 8FB10010		lw	$s1, -32+FRAMESIZE_48($sp)
 536 02a8 8FB0000C		lw	$s0, -36+FRAMESIZE_48($sp)
 537 02ac 23BD0030		addi	$sp, $sp, FRAMESIZE_48
 538 02b0               
 539 02b0 03E00008		jr	$ra
 540 02b4               
 541 02b4               #
 542 02b4               # Name:		print_rest
 543 02b4               #
 544 02b4               # Description:	prints out the information about a figure
 545 02b4               #
 546 02b4               # Arguments:	a0: contains the address of the figure object
 547 02b4               #
 548 02b4               
 549 02b4               print_rest:
 550 02b4               	#
 551 02b4               	# Save all the S registers & ra
 552 02b4               	#
 553 02b4 23BDFFD8		addi	$sp, $sp,-FRAMESIZE_40
 554 02b8 AFBF0024		sw	$ra, -4+FRAMESIZE_40($sp)
 555 02bc AFB70020		sw	$s7, -8+FRAMESIZE_40($sp)
 556 02c0 AFB6001C		sw	$s6, -12+FRAMESIZE_40($sp)
 557 02c4 AFB50018		sw	$s5, -16+FRAMESIZE_40($sp)
 558 02c8 AFB40014		sw	$s4, -20+FRAMESIZE_40($sp)
 559 02cc AFB30010		sw	$s3, -24+FRAMESIZE_40($sp)
 560 02d0 AFB2000C		sw	$s2, -28+FRAMESIZE_40($sp)
 561 02d4 AFB10008		sw	$s1, -32+FRAMESIZE_40($sp)
 562 02d8 AFB00004		sw	$s0, -36+FRAMESIZE_40($sp)
 563 02dc               
 564 02dc 00808021		move	$s0, $a0	# s0 will be your pointer to figure
 565 02e0               				# since a0 is needed by the syscalls
 566 02e0               
 567 02e0               #***** BEGIN STUDENT CODE BLOCK 2 ********************************
 568 02e0               #
 569 02e0               # Print the figure's width using PRINT_INT. At this point, s0 contains
 570 02e0               # the address of the figure object, and shouldn't be changed.
 571 02e0               #
 572 02e0               # Note that this does not involve any polymorphic functions.
 573 02e0               #
 574 02e0               
 575 02e0 8E040004		lw	$a0, 4($s0)
 576 02e4 34020001		li	$v0, PRINT_INT
 577 02e8 0000000C		syscall
 578 02ec               #***** END STUDENT CODE BLOCK 2 **********************************
 579 02ec               
 580 02ec 34020004		li 	$v0, PRINT_STRING	# print ','
 581 02f0 3C040000		la 	$a0, comma_string
     02f4 34840000
 582 02f8 0000000C		syscall
 583 02fc               
 584 02fc               #***** BEGIN STUDENT CODE BLOCK 3 ********************************
 585 02fc               #
 586 02fc               # Print the figure's height using PRINT_INT. At this point, s0 contains
 587 02fc               # the address of the figure object, and shouldn't be changed.
 588 02fc               #
 589 02fc               # Note that this does not involve any polymorphic functions.
 590 02fc               #
 591 02fc               
 592 02fc 8E040008		lw	$a0, 8($s0)
 593 0300 34020001		li	$v0, PRINT_INT
 594 0304 0000000C		syscall
 595 0308               #***** END STUDENT CODE BLOCK 3 **********************************
 596 0308               	
 597 0308 34020004		li 	$v0, PRINT_STRING 	# print ') - area = '
 598 030c 3C040000		la 	$a0, area_string
     0310 34840000
 599 0314 0000000C		syscall
 600 0318               
 601 0318               #***** BEGIN STUDENT CODE BLOCK 4 ********************************
 602 0318               #
 603 0318               # Print the figure's area using PRINT_INT. At this point, s0 contains
 604 0318               # the address of the figure object, and shouldn't be changed.
 605 0318               #
 606 0318               
 607 0318 8E080000		lw	$t0, 0($s0)	#load vtbl
 608 031c 8D090000		lw	$t1, 0($t0)
 609 0320 02002021		move	$a0, $s0
 610 0324 3C1F0000		la	$ra, done_calc_area
     0328 37FF0330
 611 032c 01200008		jr	$t1
 612 0330               done_calc_area:
 613 0330 00402021		move	$a0, $v0
 614 0334 34020001		li	$v0, PRINT_INT
 615 0338 0000000C		syscall
 616 033c               #***** END STUDENT CODE BLOCK 4 **********************************
 617 033c               	
 618 033c 34020004		li 	$v0, PRINT_STRING	# print '; perimeter = '
 619 0340 3C040000		la 	$a0, perimeter_string
     0344 34840000
 620 0348 0000000C		syscall
 621 034c               
 622 034c               #***** BEGIN STUDENT CODE BLOCK 5 ********************************
 623 034c               #
 624 034c               # Print the figure's perimeter using PRINT_INT. At this point, s0
 625 034c               # contains the address of the figure object, and shouldn't be changed.
 626 034c               #
 627 034c               
 628 034c 8E080000		lw	$t0, 0($s0)	#load vtbl
 629 0350 8D090004		lw	$t1, 4($t0)
 630 0354 02002021		move	$a0, $s0
 631 0358 3C1F0000		la	$ra, done_calc_perim
     035c 37FF0364
 632 0360 01200008		jr	$t1
 633 0364               done_calc_perim:
 634 0364 00402021		move	$a0, $v0
 635 0368 34020001		li	$v0, PRINT_INT
 636 036c 0000000C		syscall
 637 0370               #***** END STUDENT CODE BLOCK 5 **********************************
 638 0370               
 639 0370               	
 640 0370 34020004		li 	$v0, PRINT_STRING	# print newline
 641 0374 3C040000		la 	$a0, new_line
     0378 34840000
 642 037c 0000000C		syscall
 643 0380               
 644 0380               	#
 645 0380               	# Restore all the S registers
 646 0380               	#
 647 0380 8FBF0024		lw	$ra, -4+FRAMESIZE_40($sp)
 648 0384 8FB70020		lw	$s7, -8+FRAMESIZE_40($sp)
 649 0388 8FB6001C		lw	$s6, -12+FRAMESIZE_40($sp)
 650 038c 8FB50018		lw	$s5, -16+FRAMESIZE_40($sp)
 651 0390 8FB40014		lw	$s4, -20+FRAMESIZE_40($sp)
 652 0394 8FB30010		lw	$s3, -24+FRAMESIZE_40($sp)
 653 0398 8FB2000C		lw	$s2, -28+FRAMESIZE_40($sp)
 654 039c 8FB10008		lw	$s1, -32+FRAMESIZE_40($sp)
 655 03a0 8FB00004		lw	$s0, -36+FRAMESIZE_40($sp)
 656 03a4 23BD0028		addi	$sp, $sp, FRAMESIZE_40
 657 03a8               
 658 03a8 03E00008		jr	$ra


FRAMESIZE_24              = 00000018   
FRAMESIZE_40              = 00000028   
FRAMESIZE_48              = 00000030   
FRAMESIZE_8               = 00000008   
PI                        = 00000003   
PRINT_INT                 = 00000001   
PRINT_STRING              = 00000004   
READ_INT                  = 00000005   
READ_STRING               = 00000008   
area_string                 0000051C R  data 
block_area                  000000DC R  text 
block_make                  000000B8 R  text 
block_perimeter             00000100 R  text 
block_string                00000512 R  data 
block_vtbl                  0000053C R  data 
cd_height_bigger            000001C0 R  text 
char_b                      000004CC R  data 
char_c                      000004CB R  data 
circle_area                 0000014C R  text 
circle_diameter             000001A8 R  text 
circle_make                 00000128 R  text 
circle_perimeter            00000184 R  text 
circle_string               00000509 R  data 
circle_vtbl                 00000544 R  data 
comma_string                0000051A R  data 
done_calc_area              00000330 R  text 
done_calc_perim             00000364 R  text 
done_output                 00000288 R  text 
fig_char                    000004C0 R  data 
fig_height                  000004BC R  data 
fig_width                   000004B8 R  data 
figure_make                 000000AC R  text 
figure_type_error_string    000004F4 R  data 
main                        00000000 RG text 
new_error                   000004CD R  data 
new_figure                  0000005C R  text 
new_figure_ok               0000008C R  text 
new_line                    00000537 R  data 
next                        00000000 R  data 
not_anything                00000278 R  text 
not_circle                  00000248 R  text 
output_figures              000001C8 R  text 
perimeter_string            00000528 R  data 
pool                        00000004 R  data 
pool_end                    000004B4 R  data 
print_rest                  000002B4 R  text 
